<?xml version="1.0" encoding="UTF-8"?>
<testsuite xmlns:xsi="http://www.w3.org/2001/XMLSchema-instance" xsi:noNamespaceSchemaLocation="https://maven.apache.org/surefire/maven-surefire-plugin/xsd/surefire-test-report-3.0.xsd" version="3.0" name="com.example.Kanban.Board.security.JwtAuthValidationTest" time="0.147" tests="3" errors="0" skipped="0" failures="0">
  <properties>
[...]
</properties>
  <testcase name="invalidTokenRejected" classname="com.example.Kanban.Board.security.JwtAuthValidationTest" time="0.098"/>
  <testcase name="validBearerTokenUsesTheConfiguredSecret" classname="com.example.Kanban.Board.security.JwtAuthValidationTest" time="0.046"/>
  <testcase name="missingBearerPrefixRejected" classname="com.example.Kanban.Board.security.JwtAuthValidationTest" time="0.002"/>
</testsuite>